Arguments: 
  /usr/local/bin/node /usr/local/Cellar/yarn/1.5.1_1/libexec/bin/yarn.js remove redux-form

PATH: 
  /Applications/nodechef-cli:/usr/local/bin:/Users/dougneves/bin:/usr/bin:/bin:/usr/sbin:/sbin:/usr/local/bin:/usr/local/share/dotnet:/Library/Frameworks/Mono.framework/Versions/Current/Commands:/Applications/Postgres.app/Contents/Versions/latest/bin:/Applications/nodechef-cli:/Users/dougneves/bin

Yarn version: 
  1.5.1

Node version: 
  8.9.0

Platform: 
  darwin x64

npm manifest: 
  No manifest

yarn manifest: 
  No manifest

Lockfile: 
  No lockfile

Trace: 
  Error: No lockfile in this directory. Run `yarn install` to generate one.
      at new MessageError (/usr/local/Cellar/yarn/1.5.1_1/libexec/lib/cli.js:186:110)
      at /usr/local/Cellar/yarn/1.5.1_1/libexec/lib/cli.js:89389:13
      at <anonymous>
